"2017-10-21 18:36:32" errorlog ERROR "phpexception:code:0
message:Expected 32-bit integer for \"connectTimeoutMS\" URI option, string given
file:/data/huangjide/php/dx-template/vendor/mongodb/mongodb/src/Client.php:81
trace:#0 /data/huangjide/php/dx-template/vendor/mongodb/mongodb/src/Client.php(81): MongoDB\\Driver\\Manager->__construct(\'mongodb://10.0....\', Array, Array)
#1 /data/huangjide/php/dx-template/vendor/dx/dx/src/Mx/Nosql/Mongodb/Mongo.php(53): MongoDB\\Client->__construct(\'mongodb://10.0....\', Array, Array)
#2 /data/huangjide/php/dx-template/vendor/dx/dx/src/Mx/Nosql/Mongodb/Mongo.php(36): Mx\\Nosql\\Mongodb\\Mongo->__construct(\'mongodb://10.0....\')
#3 /data/huangjide/php/dx-template/vendor/dx/dx/src/Mx/Biz/Dao/MongodbDao.php(200): Mx\\Nosql\\Mongodb\\Mongo::getInstance(\'mongodb://10.0....\')
#4 /data/huangjide/php/dx-template/vendor/dx/dx/src/Mx/Biz/Dao/MongodbDao.php(212): Mx\\Biz\\Dao\\MongodbDao->db()
#5 /data/huangjide/php/dx-template/vendor/dx/dx/src/Mx/Biz/Dao/MongodbDao.php(83): Mx\\Biz\\Dao\\MongodbDao->collection()
#6 /data/huangjide/php/dx-template/vendor/dx/dx/src/Mx/Biz/RowGateway.php(401): Mx\\Biz\\Dao\\MongodbDao->insert(Object(App\\Biz\\ExampleBiz))
#7 /data/huangjide/php/dx-template/app/Service/Example.php(25): Mx\\Biz\\RowGateway->save()
#8 /data/huangjide/php/dx-template/vendor/dx/dx/src/Mx/Service/ServiceAbstract.php(146): App\\Service\\Example->execute()
#9 /data/huangjide/php/dx-template/app/Action/Main.php(45): Mx\\Service\\ServiceAbstract->run()
#10 /data/huangjide/php/dx-template/vendor/dx/dx/src/Mx/Http/ActionAbstract.php(277): App\\Action\\Main->handleGet()
#11 /data/huangjide/php/dx-template/vendor/dx/dx/src/Mx/Http/Phase/PhaseDispatch.php(61): Mx\\Http\\ActionAbstract->execute()
#12 /data/huangjide/php/dx-template/vendor/dx/dx/src/Mx/Http/Phase/PhaseDispatch.php(41): Mx\\Http\\Phase\\PhaseDispatch->callAction(Object(Mx\\Http\\Cycle))
#13 /data/huangjide/php/dx-template/vendor/dx/dx/src/Mx/Http/Front.php(87): Mx\\Http\\Phase\\PhaseDispatch->run(Object(Mx\\Http\\Cycle))
#14 /data/huangjide/php/dx-template/vendor/dx/dx/src/Mx/Http/Front.php(66): Mx\\Http\\Front->runPhase()
#15 /data/huangjide/php/dx-template/app/Kernel/App.php(37): Mx\\Http\\Front->run()
#16 /data/huangjide/php/dx-template/public/index.php(5): App\\Kernel\\App->run()
#17 {main}"
